This file contains any messages produced by compilers while
running configure, to aid debugging if configure makes a mistake.

It was created by sphinxbase configure 5prealpha, which was
generated by GNU Autoconf 2.69.  Invocation command line was

  $ ./configure --disable-python --without-swig-python

## --------- ##
## Platform. ##
## --------- ##

hostname = Bazinga
uname -m = x86_64
uname -r = 16.5.0
uname -s = Darwin
uname -v = Darwin Kernel Version 16.5.0: Fri Mar  3 16:52:33 PST 2017; root:xnu-3789.51.2~3/RELEASE_X86_64

/usr/bin/uname -p = i386
/bin/uname -X     = unknown

/bin/arch              = unknown
/usr/bin/arch -k       = unknown
/usr/convex/getsysinfo = unknown
/usr/bin/hostinfo      = Mach kernel version:
	 Darwin Kernel Version 16.5.0: Fri Mar  3 16:52:33 PST 2017; root:xnu-3789.51.2~3/RELEASE_X86_64
Kernel configured for up to 4 processors.
2 processors are physically available.
4 processors are logically available.
Processor type: x86_64h (Intel x86-64h Haswell)
Processors active: 0 1 2 3
Primary memory available: 8.00 gigabytes
Default processor set: 311 tasks, 1237 threads, 4 processors
Load average: 2.60, Mach factor: 1.57
/bin/machine           = unknown
/usr/bin/oslevel       = unknown
/bin/universe          = unknown

PATH: /usr/local/bin
PATH: /usr/bin
PATH: /bin
PATH: /usr/sbin
PATH: /sbin
PATH: /opt/X11/bin


## ----------- ##
## Core tests. ##
## ----------- ##

configure:2542: checking for a BSD-compatible install
configure:2610: result: /usr/bin/install -c
configure:2621: checking whether build environment is sane
configure:2676: result: yes
configure:2827: checking for a thread-safe mkdir -p
configure:2866: result: ./install-sh -c -d
configure:2873: checking for gawk
configure:2903: result: no
configure:2873: checking for mawk
configure:2903: result: no
configure:2873: checking for nawk
configure:2903: result: no
configure:2873: checking for awk
configure:2889: found /usr/bin/awk
configure:2900: result: awk
configure:2911: checking whether make sets $(MAKE)
configure:2933: result: yes
configure:2962: checking whether make supports nested variables
configure:2979: result: yes
configure:3104: checking build system type
configure:3118: result: x86_64-apple-darwin16.5.0
configure:3138: checking host system type
configure:3151: result: x86_64-apple-darwin16.5.0
configure:3183: checking for style of include used by make
configure:3211: result: GNU
configure:3282: checking for gcc
configure:3298: found /usr/bin/gcc
configure:3309: result: gcc
configure:3538: checking for C compiler version
configure:3547: gcc --version >&5
Apple LLVM version 8.1.0 (clang-802.0.42)
Target: x86_64-apple-darwin16.5.0
Thread model: posix
InstalledDir: /Library/Developer/CommandLineTools/usr/bin
Configured with: --prefix=/Library/Developer/CommandLineTools/usr --with-gxx-include-dir=/usr/include/c++/4.2.1
configure:3558: $? = 0
configure:3547: gcc -v >&5
Configured with: --prefix=/Library/Developer/CommandLineTools/usr --with-gxx-include-dir=/usr/include/c++/4.2.1
Apple LLVM version 8.1.0 (clang-802.0.42)
Target: x86_64-apple-darwin16.5.0
Thread model: posix
InstalledDir: /Library/Developer/CommandLineTools/usr/bin
configure:3558: $? = 0
configure:3547: gcc -V >&5
clang: error: argument to '-V' is missing (expected 1 value)
clang: error: no input files
configure:3558: $? = 1
configure:3547: gcc -qversion >&5
clang: error: unknown argument: '-qversion'
clang: error: no input files
configure:3558: $? = 1
configure:3578: checking whether the C compiler works
configure:3600: gcc -g -O2 -Wall   conftest.c  >&5
configure:3604: $? = 0
configure:3652: result: yes
configure:3655: checking for C compiler default output file name
configure:3657: result: a.out
configure:3663: checking for suffix of executables
configure:3670: gcc -o conftest -g -O2 -Wall   conftest.c  >&5
configure:3674: $? = 0
configure:3696: result: 
configure:3718: checking whether we are cross compiling
configure:3726: gcc -o conftest -g -O2 -Wall   conftest.c  >&5
configure:3730: $? = 0
configure:3737: ./conftest
configure:3741: $? = 0
configure:3756: result: no
configure:3761: checking for suffix of object files
configure:3783: gcc -c -g -O2 -Wall  conftest.c >&5
configure:3787: $? = 0
configure:3808: result: o
configure:3812: checking whether we are using the GNU C compiler
configure:3831: gcc -c -g -O2 -Wall  conftest.c >&5
configure:3831: $? = 0
configure:3840: result: yes
configure:3849: checking whether gcc accepts -g
configure:3869: gcc -c -g  conftest.c >&5
configure:3869: $? = 0
configure:3910: result: yes
configure:3927: checking for gcc option to accept ISO C89
configure:3990: gcc  -c -g -O2 -Wall  conftest.c >&5
configure:3990: $? = 0
configure:4003: result: none needed
configure:4028: checking whether gcc understands -c and -o together
configure:4050: gcc -c conftest.c -o conftest2.o
configure:4053: $? = 0
configure:4050: gcc -c conftest.c -o conftest2.o
configure:4053: $? = 0
configure:4065: result: yes
configure:4084: checking dependency style of gcc
configure:4195: result: gcc3
configure:4211: checking for library containing strerror
configure:4242: gcc -o conftest -g -O2 -Wall   conftest.c  >&5
conftest.c:16:6: warning: incompatible redeclaration of library function 'strerror' [-Wincompatible-library-redeclaration]
char strerror ();
     ^
conftest.c:16:6: note: 'strerror' is a builtin with type 'char *(int)'
1 warning generated.
configure:4242: $? = 0
configure:4259: result: none required
configure:4315: checking for gcc
configure:4342: result: gcc
configure:4571: checking for C compiler version
configure:4580: gcc --version >&5
Apple LLVM version 8.1.0 (clang-802.0.42)
Target: x86_64-apple-darwin16.5.0
Thread model: posix
InstalledDir: /Library/Developer/CommandLineTools/usr/bin
Configured with: --prefix=/Library/Developer/CommandLineTools/usr --with-gxx-include-dir=/usr/include/c++/4.2.1
configure:4591: $? = 0
configure:4580: gcc -v >&5
Configured with: --prefix=/Library/Developer/CommandLineTools/usr --with-gxx-include-dir=/usr/include/c++/4.2.1
Apple LLVM version 8.1.0 (clang-802.0.42)
Target: x86_64-apple-darwin16.5.0
Thread model: posix
InstalledDir: /Library/Developer/CommandLineTools/usr/bin
configure:4591: $? = 0
configure:4580: gcc -V >&5
clang: error: argument to '-V' is missing (expected 1 value)
clang: error: no input files
configure:4591: $? = 1
configure:4580: gcc -qversion >&5
clang: error: unknown argument: '-qversion'
clang: error: no input files
configure:4591: $? = 1
configure:4595: checking whether we are using the GNU C compiler
configure:4623: result: yes
configure:4632: checking whether gcc accepts -g
configure:4693: result: yes
configure:4710: checking for gcc option to accept ISO C89
configure:4786: result: none needed
configure:4811: checking whether gcc understands -c and -o together
configure:4848: result: yes
configure:4867: checking dependency style of gcc
configure:4978: result: gcc3
configure:4997: checking for gcc option to accept ISO C99
configure:5146: gcc  -c -g -O2 -Wall  conftest.c >&5
configure:5146: $? = 0
configure:5159: result: none needed
configure:5267: checking for gcc option to accept ISO Standard C
configure:5278: result: none needed
configure:5332: checking how to print strings
configure:5359: result: printf
configure:5380: checking for a sed that does not truncate output
configure:5444: result: /usr/bin/sed
configure:5462: checking for grep that handles long lines and -e
configure:5520: result: /usr/bin/grep
configure:5525: checking for egrep
configure:5587: result: /usr/bin/grep -E
configure:5592: checking for fgrep
configure:5654: result: /usr/bin/grep -F
configure:5689: checking for ld used by gcc
configure:5756: result: /Library/Developer/CommandLineTools/usr/bin/ld
configure:5763: checking if the linker (/Library/Developer/CommandLineTools/usr/bin/ld) is GNU ld
configure:5778: result: no
configure:5790: checking for BSD- or MS-compatible name lister (nm)
configure:5844: result: /usr/bin/nm -B
configure:5974: checking the name lister (/usr/bin/nm -B) interface
configure:5981: gcc -c -g -O2 -Wall  conftest.c >&5
configure:5984: /usr/bin/nm -B "conftest.o"
configure:5987: output
000000000000020c S _some_variable
configure:5994: result: BSD nm
configure:5997: checking whether ln -s works
configure:6001: result: yes
configure:6009: checking the maximum length of command line arguments
configure:6140: result: 196608
configure:6188: checking how to convert x86_64-apple-darwin16.5.0 file names to x86_64-apple-darwin16.5.0 format
configure:6228: result: func_convert_file_noop
configure:6235: checking how to convert x86_64-apple-darwin16.5.0 file names to toolchain format
configure:6255: result: func_convert_file_noop
configure:6262: checking for /Library/Developer/CommandLineTools/usr/bin/ld option to reload object files
configure:6269: result: -r
configure:6343: checking for objdump
configure:6359: found /usr/bin/objdump
configure:6370: result: objdump
configure:6402: checking how to recognize dependent libraries
configure:6602: result: pass_all
configure:6687: checking for dlltool
configure:6717: result: no
configure:6747: checking how to associate runtime and link libraries
configure:6774: result: printf %s\n
configure:6834: checking for ar
configure:6850: found /usr/bin/ar
configure:6861: result: ar
configure:6898: checking for archiver @FILE support
configure:6915: gcc -c -g -O2 -Wall  conftest.c >&5
configure:6915: $? = 0
configure:6918: ar cru libconftest.a @conftest.lst >&5
ar: @conftest.lst: No such file or directory
configure:6921: $? = 1
configure:6941: result: no
configure:6999: checking for strip
configure:7015: found /usr/bin/strip
configure:7026: result: strip
configure:7098: checking for ranlib
configure:7114: found /usr/bin/ranlib
configure:7125: result: ranlib
configure:7227: checking command to parse /usr/bin/nm -B output from gcc object
configure:7380: gcc -c -g -O2 -Wall  conftest.c >&5
configure:7383: $? = 0
configure:7387: /usr/bin/nm -B conftest.o \| sed -n -e 's/^.*[ ]\([BCDEGRST][BCDEGRST]*\)[ ][ ]*\([_A-Za-z][_A-Za-z0-9]*\)$/\1 \2 \2/p' | sed '/ __gnu_lto/d' \> conftest.nm
configure:7390: $? = 0
cannot find nm_test_var in conftest.nm
configure:7380: gcc -c -g -O2 -Wall  conftest.c >&5
configure:7383: $? = 0
configure:7387: /usr/bin/nm -B conftest.o \| sed -n -e 's/^.*[ ]\([BCDEGRST][BCDEGRST]*\)[ ][ ]*_\([_A-Za-z][_A-Za-z0-9]*\)$/\1 _\2 \2/p' | sed '/ __gnu_lto/d' \> conftest.nm
configure:7390: $? = 0
configure:7456: gcc -o conftest -g -O2 -Wall   conftest.c conftstm.o >&5
warning: (x86_64)  could not find object file symbol for symbol _main
configure:7459: $? = 0
configure:7497: result: ok
configure:7544: checking for sysroot
configure:7574: result: no
configure:7581: checking for a working dd
configure:7619: result: /bin/dd
configure:7623: checking how to truncate binary pipes
configure:7638: result: /bin/dd bs=4096 count=1
configure:7967: checking for mt
configure:7997: result: no
configure:8017: checking if : is a manifest tool
configure:8023: : '-?'
configure:8031: result: no
configure:8087: checking for dsymutil
configure:8103: found /usr/bin/dsymutil
configure:8114: result: dsymutil
configure:8179: checking for nmedit
configure:8195: found /usr/bin/nmedit
configure:8206: result: nmedit
configure:8271: checking for lipo
configure:8287: found /usr/bin/lipo
configure:8298: result: lipo
configure:8363: checking for otool
configure:8379: found /usr/bin/otool
configure:8390: result: otool
configure:8455: checking for otool64
configure:8485: result: no
configure:8530: checking for -single_module linker flag
gcc -g -O2 -Wall  -o libconftest.dylib -dynamiclib -Wl,-single_module conftest.c
configure:8563: result: yes
configure:8566: checking for -exported_symbols_list linker flag
configure:8586: gcc -o conftest -g -O2 -Wall   -Wl,-exported_symbols_list,conftest.sym conftest.c  >&5
configure:8586: $? = 0
configure:8596: result: yes
configure:8599: checking for -force_load linker flag
gcc -g -O2 -Wall -c -o conftest.o conftest.c
ar cru libconftest.a conftest.o
ranlib libconftest.a
gcc -g -O2 -Wall  -o conftest conftest.c -Wl,-force_load,./libconftest.a
configure:8631: result: yes
configure:8708: checking how to run the C preprocessor
configure:8739: gcc -E  conftest.c
configure:8739: $? = 0
configure:8753: gcc -E  conftest.c
conftest.c:9:10: fatal error: 'ac_nonexistent.h' file not found
#include <ac_nonexistent.h>
         ^
1 error generated.
configure:8753: $? = 1
configure: failed program was:
| /* confdefs.h */
| #define PACKAGE_NAME "sphinxbase"
| #define PACKAGE_TARNAME "sphinxbase"
| #define PACKAGE_VERSION "5prealpha"
| #define PACKAGE_STRING "sphinxbase 5prealpha"
| #define PACKAGE_BUGREPORT ""
| #define PACKAGE_URL ""
| /* end confdefs.h.  */
| #include <ac_nonexistent.h>
configure:8778: result: gcc -E
configure:8798: gcc -E  conftest.c
configure:8798: $? = 0
configure:8812: gcc -E  conftest.c
conftest.c:9:10: fatal error: 'ac_nonexistent.h' file not found
#include <ac_nonexistent.h>
         ^
1 error generated.
configure:8812: $? = 1
configure: failed program was:
| /* confdefs.h */
| #define PACKAGE_NAME "sphinxbase"
| #define PACKAGE_TARNAME "sphinxbase"
| #define PACKAGE_VERSION "5prealpha"
| #define PACKAGE_STRING "sphinxbase 5prealpha"
| #define PACKAGE_BUGREPORT ""
| #define PACKAGE_URL ""
| /* end confdefs.h.  */
| #include <ac_nonexistent.h>
configure:8841: checking for ANSI C header files
configure:8861: gcc -c -g -O2 -Wall  conftest.c >&5
configure:8861: $? = 0
configure:8934: gcc -o conftest -g -O2 -Wall   conftest.c  >&5
configure:8934: $? = 0
configure:8934: ./conftest
configure:8934: $? = 0
configure:8945: result: yes
configure:8958: checking for sys/types.h
configure:8958: gcc -c -g -O2 -Wall  conftest.c >&5
configure:8958: $? = 0
configure:8958: result: yes
configure:8958: checking for sys/stat.h
configure:8958: gcc -c -g -O2 -Wall  conftest.c >&5
configure:8958: $? = 0
configure:8958: result: yes
configure:8958: checking for stdlib.h
configure:8958: gcc -c -g -O2 -Wall  conftest.c >&5
configure:8958: $? = 0
configure:8958: result: yes
configure:8958: checking for string.h
configure:8958: gcc -c -g -O2 -Wall  conftest.c >&5
configure:8958: $? = 0
configure:8958: result: yes
configure:8958: checking for memory.h
configure:8958: gcc -c -g -O2 -Wall  conftest.c >&5
configure:8958: $? = 0
configure:8958: result: yes
configure:8958: checking for strings.h
configure:8958: gcc -c -g -O2 -Wall  conftest.c >&5
configure:8958: $? = 0
configure:8958: result: yes
configure:8958: checking for inttypes.h
configure:8958: gcc -c -g -O2 -Wall  conftest.c >&5
configure:8958: $? = 0
configure:8958: result: yes
configure:8958: checking for stdint.h
configure:8958: gcc -c -g -O2 -Wall  conftest.c >&5
configure:8958: $? = 0
configure:8958: result: yes
configure:8958: checking for unistd.h
configure:8958: gcc -c -g -O2 -Wall  conftest.c >&5
configure:8958: $? = 0
configure:8958: result: yes
configure:8972: checking for dlfcn.h
configure:8972: gcc -c -g -O2 -Wall  conftest.c >&5
configure:8972: $? = 0
configure:8972: result: yes
configure:9228: checking for objdir
configure:9243: result: .libs
configure:9507: checking if gcc supports -fno-rtti -fno-exceptions
configure:9525: gcc -c -g -O2 -Wall  -fno-rtti -fno-exceptions conftest.c >&5
configure:9529: $? = 0
configure:9542: result: yes
configure:9900: checking for gcc option to produce PIC
configure:9907: result: -fno-common -DPIC
configure:9915: checking if gcc PIC flag -fno-common -DPIC works
configure:9933: gcc -c -g -O2 -Wall  -fno-common -DPIC -DPIC conftest.c >&5
configure:9937: $? = 0
configure:9950: result: yes
configure:9979: checking if gcc static flag -static works
configure:10007: result: no
configure:10022: checking if gcc supports -c -o file.o
configure:10043: gcc -c -g -O2 -Wall  -o out/conftest2.o conftest.c >&5
configure:10047: $? = 0
configure:10069: result: yes
configure:10077: checking if gcc supports -c -o file.o
configure:10124: result: yes
configure:10157: checking whether the gcc linker (/Library/Developer/CommandLineTools/usr/bin/ld) supports shared libraries
configure:11416: result: yes
configure:11656: checking dynamic linker characteristics
configure:12474: result: darwin16.5.0 dyld
configure:12596: checking how to hardcode library paths into programs
configure:12621: result: immediate
configure:13169: checking whether stripping libraries is possible
configure:13183: result: yes
configure:13209: checking if libtool supports shared libraries
configure:13211: result: yes
configure:13214: checking whether to build shared libraries
configure:13239: result: yes
configure:13242: checking whether to build static libraries
configure:13246: result: yes
configure:13288: checking for bison
configure:13304: found /usr/bin/bison
configure:13316: result: bison -y
configure:13330: checking for ANSI C header files
configure:13434: result: yes
configure:13442: checking whether byte ordering is bigendian
configure:13457: gcc -c -g -O2 -Wall  conftest.c >&5
configure:13457: $? = 0
configure:13502: gcc -c -g -O2 -Wall  conftest.c >&5
configure:13502: $? = 0
configure:13520: gcc -c -g -O2 -Wall  conftest.c >&5
conftest.c:29:4: error: use of undeclared identifier 'not'
                 not big endian
                 ^
1 error generated.
configure:13520: $? = 1
configure: failed program was:
| /* confdefs.h */
| #define PACKAGE_NAME "sphinxbase"
| #define PACKAGE_TARNAME "sphinxbase"
| #define PACKAGE_VERSION "5prealpha"
| #define PACKAGE_STRING "sphinxbase 5prealpha"
| #define PACKAGE_BUGREPORT ""
| #define PACKAGE_URL ""
| #define STDC_HEADERS 1
| #define HAVE_SYS_TYPES_H 1
| #define HAVE_SYS_STAT_H 1
| #define HAVE_STDLIB_H 1
| #define HAVE_STRING_H 1
| #define HAVE_MEMORY_H 1
| #define HAVE_STRINGS_H 1
| #define HAVE_INTTYPES_H 1
| #define HAVE_STDINT_H 1
| #define HAVE_UNISTD_H 1
| #define HAVE_DLFCN_H 1
| #define LT_OBJDIR ".libs/"
| #define STDC_HEADERS 1
| /* end confdefs.h.  */
| #include <sys/types.h>
| 		#include <sys/param.h>
| 
| int
| main ()
| {
| #if BYTE_ORDER != BIG_ENDIAN
| 		 not big endian
| 		#endif
| 
|   ;
|   return 0;
| }
configure:13648: result: no
configure:13666: checking return type of signal handlers
configure:13684: gcc -c -g -O2 -Wall  conftest.c >&5
conftest.c:28:8: error: indirection requires pointer operand ('void' invalid)
return *(signal (0, 0)) (0) == 1;
       ^~~~~~~~~~~~~~~~~~~~
1 error generated.
configure:13684: $? = 1
configure: failed program was:
| /* confdefs.h */
| #define PACKAGE_NAME "sphinxbase"
| #define PACKAGE_TARNAME "sphinxbase"
| #define PACKAGE_VERSION "5prealpha"
| #define PACKAGE_STRING "sphinxbase 5prealpha"
| #define PACKAGE_BUGREPORT ""
| #define PACKAGE_URL ""
| #define STDC_HEADERS 1
| #define HAVE_SYS_TYPES_H 1
| #define HAVE_SYS_STAT_H 1
| #define HAVE_STDLIB_H 1
| #define HAVE_STRING_H 1
| #define HAVE_MEMORY_H 1
| #define HAVE_STRINGS_H 1
| #define HAVE_INTTYPES_H 1
| #define HAVE_STDINT_H 1
| #define HAVE_UNISTD_H 1
| #define HAVE_DLFCN_H 1
| #define LT_OBJDIR ".libs/"
| #define STDC_HEADERS 1
| /* end confdefs.h.  */
| #include <sys/types.h>
| #include <signal.h>
| 
| int
| main ()
| {
| return *(signal (0, 0)) (0) == 1;
|   ;
|   return 0;
| }
configure:13691: result: void
configure:13699: checking for long long
configure:13699: gcc -c -g -O2 -Wall  conftest.c >&5
configure:13699: $? = 0
configure:13699: gcc -c -g -O2 -Wall  conftest.c >&5
conftest.c:59:24: error: expected expression
if (sizeof ((long long)))
                       ^
1 error generated.
configure:13699: $? = 1
configure: failed program was:
| /* confdefs.h */
| #define PACKAGE_NAME "sphinxbase"
| #define PACKAGE_TARNAME "sphinxbase"
| #define PACKAGE_VERSION "5prealpha"
| #define PACKAGE_STRING "sphinxbase 5prealpha"
| #define PACKAGE_BUGREPORT ""
| #define PACKAGE_URL ""
| #define STDC_HEADERS 1
| #define HAVE_SYS_TYPES_H 1
| #define HAVE_SYS_STAT_H 1
| #define HAVE_STDLIB_H 1
| #define HAVE_STRING_H 1
| #define HAVE_MEMORY_H 1
| #define HAVE_STRINGS_H 1
| #define HAVE_INTTYPES_H 1
| #define HAVE_STDINT_H 1
| #define HAVE_UNISTD_H 1
| #define HAVE_DLFCN_H 1
| #define LT_OBJDIR ".libs/"
| #define STDC_HEADERS 1
| #define RETSIGTYPE void
| /* end confdefs.h.  */
| #include <stdio.h>
| #ifdef HAVE_SYS_TYPES_H
| # include <sys/types.h>
| #endif
| #ifdef HAVE_SYS_STAT_H
| # include <sys/stat.h>
| #endif
| #ifdef STDC_HEADERS
| # include <stdlib.h>
| # include <stddef.h>
| #else
| # ifdef HAVE_STDLIB_H
| #  include <stdlib.h>
| # endif
| #endif
| #ifdef HAVE_STRING_H
| # if !defined STDC_HEADERS && defined HAVE_MEMORY_H
| #  include <memory.h>
| # endif
| # include <string.h>
| #endif
| #ifdef HAVE_STRINGS_H
| # include <strings.h>
| #endif
| #ifdef HAVE_INTTYPES_H
| # include <inttypes.h>
| #endif
| #ifdef HAVE_STDINT_H
| # include <stdint.h>
| #endif
| #ifdef HAVE_UNISTD_H
| # include <unistd.h>
| #endif
| int
| main ()
| {
| if (sizeof ((long long)))
| 	    return 0;
|   ;
|   return 0;
| }
configure:13699: result: yes
configure:13713: checking size of long long
configure:13718: gcc -o conftest -g -O2 -Wall   conftest.c  >&5
configure:13718: $? = 0
configure:13718: ./conftest
configure:13718: $? = 0
configure:13732: result: 8
configure:13746: checking size of long
configure:13751: gcc -o conftest -g -O2 -Wall   conftest.c  >&5
configure:13751: $? = 0
configure:13751: ./conftest
configure:13751: $? = 0
configure:13765: result: 8
configure:13778: checking for popen
configure:13778: gcc -o conftest -g -O2 -Wall   conftest.c  >&5
configure:13778: $? = 0
configure:13778: result: yes
configure:13778: checking for perror
configure:13778: gcc -o conftest -g -O2 -Wall   conftest.c  >&5
configure:13778: $? = 0
configure:13778: result: yes
configure:13778: checking for snprintf
configure:13778: gcc -o conftest -g -O2 -Wall   conftest.c  >&5
conftest.c:51:6: warning: incompatible redeclaration of library function 'snprintf' [-Wincompatible-library-redeclaration]
char snprintf ();
     ^
conftest.c:51:6: note: 'snprintf' is a builtin with type 'int (char *, unsigned long, const char *, ...)'
1 warning generated.
configure:13778: $? = 0
configure:13778: result: yes
configure:13787: checking errno.h usability
configure:13787: gcc -c -g -O2 -Wall  conftest.c >&5
configure:13787: $? = 0
configure:13787: result: yes
configure:13787: checking errno.h presence
configure:13787: gcc -E  conftest.c
configure:13787: $? = 0
configure:13787: result: yes
configure:13787: checking for errno.h
configure:13787: result: yes
configure:13807: checking for sgesv_ in -llapack
configure:13832: gcc -o conftest -g -O2 -Wall   conftest.c -llapack   >&5
configure:13832: $? = 0
configure:13841: result: yes
configure:13855: checking for sgemm_ in -lblas
configure:13880: gcc -o conftest -g -O2 -Wall   conftest.c -lblas  -llapack  >&5
configure:13880: $? = 0
configure:13889: result: yes
configure:13924: checking for log in -lm
configure:13949: gcc -o conftest -g -O2 -Wall   conftest.c -lm  -lblas -llapack  >&5
conftest.c:39:6: warning: incompatible redeclaration of library function 'log' [-Wincompatible-library-redeclaration]
char log ();
     ^
conftest.c:39:6: note: 'log' is a builtin with type 'double (double)'
1 warning generated.
configure:13949: $? = 0
configure:13958: result: yes
configure:13989: checking pthread.h usability
configure:13989: gcc -c -g -O2 -Wall  conftest.c >&5
configure:13989: $? = 0
configure:13989: result: yes
configure:13989: checking pthread.h presence
configure:13989: gcc -E  conftest.c
configure:13989: $? = 0
configure:13989: result: yes
configure:13989: checking for pthread.h
configure:13989: result: yes
configure:13999: checking for pthread_create in -lpthread
configure:14024: gcc -o conftest -g -O2 -Wall   conftest.c -lpthread  -lm -lblas -llapack  >&5
configure:14024: $? = 0
configure:14033: result: yes
configure:14272: checking alc.h usability
configure:14272: gcc -c -g -O2 -Wall  -I/System/Library/Frameworks/OpenAL.framework/Versions/A/Headers/ conftest.c >&5
configure:14272: $? = 0
configure:14272: result: yes
configure:14272: checking alc.h presence
configure:14272: gcc -E  -I/System/Library/Frameworks/OpenAL.framework/Versions/A/Headers/ conftest.c
configure:14272: $? = 0
configure:14272: result: yes
configure:14272: checking for alc.h
configure:14272: result: yes
configure:14297: checking for doxygen
configure:14325: result: no
configure:14386: checking for a Python interpreter with version >= 2.6
configure:14403: python -c import sys # split strings by '.' and convert to numeric. Append some zeros # because we need at least 4 digits for the hex conversion. # map returns an iterator in Python 3.0 and a list in 2.x minver = list(map(int, '2.6'.split('.'))) + [0, 0, 0] minverhex = 0 # xrange is not present in Python 3.0 and range returns an iterator for i in list(range(0, 4)): minverhex = (minverhex << 8) + minver[i] sys.exit(sys.hexversion < minverhex)
configure:14406: $? = 0
configure:14412: result: python
configure:14420: checking for python
configure:14438: found /usr/bin/python
configure:14450: result: /usr/bin/python
configure:14468: checking for python version
configure:14475: result: 2.7
configure:14487: checking for python platform
configure:14494: result: darwin
configure:14520: checking for python script directory
configure:14555: result: ${prefix}/lib/python2.7/site-packages
configure:14564: checking for python extension module directory
configure:14599: result: ${exec_prefix}/lib/python2.7/site-packages
configure:14620: checking for python2.7
configure:14650: result: /usr/bin/python
configure:14666: checking for a version of Python >= '2.1.0'
configure:14692: result: yes
configure:14723: checking for the distutils Python package
configure:14727: result: yes
configure:14741: checking for Python include path
configure:14757: result: -I/System/Library/Frameworks/Python.framework/Versions/2.7/include/python2.7
configure:14764: checking for Python library path
configure:14841: result: -L/System/Library/Frameworks/Python.framework/Versions/2.7/lib -lpython2.7
configure:14848: checking for Python site-packages path
configure:14854: result: /Library/Python/2.7/site-packages
configure:14861: checking python extra libraries
configure:14868: result: -ldl  -framework CoreFoundation 
configure:14875: checking python extra linking flags
configure:14882: result: -u _PyMac_Error /System/Library/Frameworks/Python.framework/Versions/2.7/Python
configure:14889: checking consistency of all components of python development environment
configure:14915: gcc -o conftest -g -O2 -Wall  -I/System/Library/Frameworks/Python.framework/Versions/2.7/include/python2.7  conftest.c -lpthread -lm -lblas -llapack  -L/System/Library/Frameworks/Python.framework/Versions/2.7/lib -lpython2.7 -u _PyMac_Error /System/Library/Frameworks/Python.framework/Versions/2.7/Python -ldl  -framework CoreFoundation  >&5
configure:14915: $? = 0
configure:14932: result: yes
configure:14963: checking for swig
configure:14996: result: no
configure:14963: checking for swig2.0
configure:14996: result: no
configure:15005: error: swig not found

## ---------------- ##
## Cache variables. ##
## ---------------- ##

ac_cv_build=x86_64-apple-darwin16.5.0
ac_cv_c_bigendian=no
ac_cv_c_compiler_gnu=yes
ac_cv_env_CC_set=
ac_cv_env_CC_value=
ac_cv_env_CFLAGS_set=
ac_cv_env_CFLAGS_value=
ac_cv_env_CPPFLAGS_set=
ac_cv_env_CPPFLAGS_value=
ac_cv_env_CPP_set=
ac_cv_env_CPP_value=
ac_cv_env_LDFLAGS_set=
ac_cv_env_LDFLAGS_value=
ac_cv_env_LIBS_set=
ac_cv_env_LIBS_value=
ac_cv_env_LT_SYS_LIBRARY_PATH_set=
ac_cv_env_LT_SYS_LIBRARY_PATH_value=
ac_cv_env_PYTHON_VERSION_set=
ac_cv_env_PYTHON_VERSION_value=
ac_cv_env_PYTHON_set=
ac_cv_env_PYTHON_value=
ac_cv_env_YACC_set=
ac_cv_env_YACC_value=
ac_cv_env_build_alias_set=
ac_cv_env_build_alias_value=
ac_cv_env_host_alias_set=
ac_cv_env_host_alias_value=
ac_cv_env_target_alias_set=
ac_cv_env_target_alias_value=
ac_cv_func_perror=yes
ac_cv_func_popen=yes
ac_cv_func_snprintf=yes
ac_cv_header_alc_h=yes
ac_cv_header_dlfcn_h=yes
ac_cv_header_errno_h=yes
ac_cv_header_inttypes_h=yes
ac_cv_header_memory_h=yes
ac_cv_header_pthread_h=yes
ac_cv_header_stdc=yes
ac_cv_header_stdint_h=yes
ac_cv_header_stdlib_h=yes
ac_cv_header_string_h=yes
ac_cv_header_strings_h=yes
ac_cv_header_sys_stat_h=yes
ac_cv_header_sys_types_h=yes
ac_cv_header_unistd_h=yes
ac_cv_host=x86_64-apple-darwin16.5.0
ac_cv_lib_blas_sgemm_=yes
ac_cv_lib_lapack_sgesv_=yes
ac_cv_lib_m_log=yes
ac_cv_lib_pthread_pthread_create=yes
ac_cv_objext=o
ac_cv_path_EGREP='/usr/bin/grep -E'
ac_cv_path_FGREP='/usr/bin/grep -F'
ac_cv_path_GREP=/usr/bin/grep
ac_cv_path_PYTHON=/usr/bin/python
ac_cv_path_SED=/usr/bin/sed
ac_cv_path_install='/usr/bin/install -c'
ac_cv_path_lt_DD=/bin/dd
ac_cv_prog_AWK=awk
ac_cv_prog_CPP='gcc -E'
ac_cv_prog_HAVE_DOXYGEN=no
ac_cv_prog_YACC='bison -y'
ac_cv_prog_ac_ct_AR=ar
ac_cv_prog_ac_ct_CC=gcc
ac_cv_prog_ac_ct_DSYMUTIL=dsymutil
ac_cv_prog_ac_ct_LIPO=lipo
ac_cv_prog_ac_ct_NMEDIT=nmedit
ac_cv_prog_ac_ct_OBJDUMP=objdump
ac_cv_prog_ac_ct_OTOOL=otool
ac_cv_prog_ac_ct_RANLIB=ranlib
ac_cv_prog_ac_ct_STRIP=strip
ac_cv_prog_cc_c89=
ac_cv_prog_cc_c99=
ac_cv_prog_cc_g=yes
ac_cv_prog_cc_stdc=
ac_cv_prog_make_make_set=yes
ac_cv_search_strerror='none required'
ac_cv_sizeof_long=8
ac_cv_sizeof_long_long=8
ac_cv_type_long_long=yes
ac_cv_type_signal=void
am_cv_CC_dependencies_compiler_type=gcc3
am_cv_make_support_nested_variables=yes
am_cv_pathless_PYTHON=python
am_cv_prog_cc_c_o=yes
am_cv_python_platform=darwin
am_cv_python_pyexecdir='${exec_prefix}/lib/python2.7/site-packages'
am_cv_python_pythondir='${prefix}/lib/python2.7/site-packages'
am_cv_python_version=2.7
lt_cv_apple_cc_single_mod=yes
lt_cv_ar_at_file=no
lt_cv_deplibs_check_method=pass_all
lt_cv_file_magic_cmd='$MAGIC_CMD'
lt_cv_file_magic_test_file=
lt_cv_ld_exported_symbols_list=yes
lt_cv_ld_force_load=yes
lt_cv_ld_reload_flag=-r
lt_cv_nm_interface='BSD nm'
lt_cv_objdir=.libs
lt_cv_path_LD=/Library/Developer/CommandLineTools/usr/bin/ld
lt_cv_path_NM='/usr/bin/nm -B'
lt_cv_path_mainfest_tool=no
lt_cv_prog_compiler_c_o=yes
lt_cv_prog_compiler_pic='-fno-common -DPIC'
lt_cv_prog_compiler_pic_works=yes
lt_cv_prog_compiler_rtti_exceptions=yes
lt_cv_prog_compiler_static_works=no
lt_cv_prog_gnu_ld=no
lt_cv_sharedlib_from_linklib_cmd='printf %s\n'
lt_cv_sys_global_symbol_pipe='sed -n -e '\''s/^.*[	 ]\([BCDEGRST][BCDEGRST]*\)[	 ][	 ]*_\([_A-Za-z][_A-Za-z0-9]*\)$/\1 _\2 \2/p'\'' | sed '\''/ __gnu_lto/d'\'''
lt_cv_sys_global_symbol_to_c_name_address='sed -n -e '\''s/^: \(.*\) .*$/  {"\1", (void *) 0},/p'\'' -e '\''s/^[BCDEGRST][BCDEGRST]* .* \(.*\)$/  {"\1", (void *) \&\1},/p'\'''
lt_cv_sys_global_symbol_to_c_name_address_lib_prefix='sed -n -e '\''s/^: \(.*\) .*$/  {"\1", (void *) 0},/p'\'' -e '\''s/^[BCDEGRST][BCDEGRST]* .* \(lib.*\)$/  {"\1", (void *) \&\1},/p'\'' -e '\''s/^[BCDEGRST][BCDEGRST]* .* \(.*\)$/  {"lib\1", (void *) \&\1},/p'\'''
lt_cv_sys_global_symbol_to_cdecl='sed -n -e '\''s/^T .* \(.*\)$/extern int \1();/p'\'' -e '\''s/^[BCDEGRST][BCDEGRST]* .* \(.*\)$/extern char \1;/p'\'''
lt_cv_sys_global_symbol_to_import=
lt_cv_sys_max_cmd_len=196608
lt_cv_to_host_file_cmd=func_convert_file_noop
lt_cv_to_tool_file_cmd=func_convert_file_noop
lt_cv_truncate_bin='/bin/dd bs=4096 count=1'

## ----------------- ##
## Output variables. ##
## ----------------- ##

ACLOCAL='${SHELL} /Users/saurabhshri/Desktop/try/ccaligner/src/lib_ext/sphinxbase/missing aclocal-1.15'
AMDEPBACKSLASH='\'
AMDEP_FALSE='#'
AMDEP_TRUE=''
AMTAR='$${TAR-tar}'
AM_BACKSLASH='\'
AM_DEFAULT_V='$(AM_DEFAULT_VERBOSITY)'
AM_DEFAULT_VERBOSITY='1'
AM_V='$(V)'
AR='ar'
AUTOCONF='${SHELL} /Users/saurabhshri/Desktop/try/ccaligner/src/lib_ext/sphinxbase/missing autoconf'
AUTOHEADER='${SHELL} /Users/saurabhshri/Desktop/try/ccaligner/src/lib_ext/sphinxbase/missing autoheader'
AUTOMAKE='${SHELL} /Users/saurabhshri/Desktop/try/ccaligner/src/lib_ext/sphinxbase/missing automake-1.15'
AWK='awk'
BUILD_DOXYGEN_FALSE=''
BUILD_DOXYGEN_TRUE='#'
BUILD_SWIG_FALSE=''
BUILD_SWIG_TRUE=''
CC='gcc'
CCDEPMODE='depmode=gcc3'
CFLAGS='-g -O2 -Wall'
CPP='gcc -E'
CPPFLAGS=''
CYGPATH_W='echo'
DEFS=''
DEPDIR='.deps'
DLLTOOL='false'
DSYMUTIL='dsymutil'
DUMPBIN=''
ECHO_C='\c'
ECHO_N=''
ECHO_T=''
EGREP='/usr/bin/grep -E'
EXEEXT=''
FGREP='/usr/bin/grep -F'
FIXED_POINT_FALSE=''
FIXED_POINT_TRUE='#'
GREP='/usr/bin/grep'
HAVE_DOXYGEN='no'
INSTALL_DATA='${INSTALL} -m 644'
INSTALL_PROGRAM='${INSTALL}'
INSTALL_SCRIPT='${INSTALL}'
INSTALL_STRIP_PROGRAM='$(install_sh) -c -s'
LAPACK_LITE_FALSE=''
LAPACK_LITE_TRUE='#'
LD='/Library/Developer/CommandLineTools/usr/bin/ld'
LDFLAGS=''
LIBOBJS=''
LIBS='-lpthread -lm -lblas -llapack '
LIBTOOL='$(SHELL) $(top_builddir)/libtool'
LIPO='lipo'
LN_S='ln -s'
LTLIBOBJS=''
LT_SYS_LIBRARY_PATH=''
MAKEINFO='${SHELL} /Users/saurabhshri/Desktop/try/ccaligner/src/lib_ext/sphinxbase/missing makeinfo'
MANIFEST_TOOL=':'
MKDIR_P='./install-sh -c -d'
NM='/usr/bin/nm -B'
NMEDIT='nmedit'
OBJDUMP='objdump'
OBJEXT='o'
OTOOL64=':'
OTOOL='otool'
PACKAGE='sphinxbase'
PACKAGE_BUGREPORT=''
PACKAGE_NAME='sphinxbase'
PACKAGE_STRING='sphinxbase 5prealpha'
PACKAGE_TARNAME='sphinxbase'
PACKAGE_URL=''
PACKAGE_VERSION='5prealpha'
PATH_SEPARATOR=':'
PYTHON='/usr/bin/python'
PYTHON_CPPFLAGS='-I/System/Library/Frameworks/Python.framework/Versions/2.7/include/python2.7'
PYTHON_EXEC_PREFIX='${exec_prefix}'
PYTHON_EXTRA_LDFLAGS='-u _PyMac_Error /System/Library/Frameworks/Python.framework/Versions/2.7/Python'
PYTHON_EXTRA_LIBS='-ldl  -framework CoreFoundation '
PYTHON_LDFLAGS='-L/System/Library/Frameworks/Python.framework/Versions/2.7/lib -lpython2.7'
PYTHON_PLATFORM='darwin'
PYTHON_PREFIX='${prefix}'
PYTHON_SITE_PKG='/Library/Python/2.7/site-packages'
PYTHON_VERSION='2.7'
RANLIB='ranlib'
SED='/usr/bin/sed'
SET_MAKE=''
SHELL='/bin/sh'
STRIP='strip'
SWIG=''
SWIG_LIB=''
USE_LAPACK_FALSE='#'
USE_LAPACK_TRUE=''
USE_THREADS_FALSE='#'
USE_THREADS_TRUE=''
VERSION='5prealpha'
YACC='bison -y'
ac_ct_AR='ar'
ac_ct_CC='gcc'
ac_ct_DUMPBIN=''
ad_cppflags='-I/System/Library/Frameworks/OpenAL.framework/Versions/A/Headers/'
ad_files='ad_openal.lo'
ad_libs='-framework OpenAL'
am__EXEEXT_FALSE=''
am__EXEEXT_TRUE=''
am__fastdepCC_FALSE='#'
am__fastdepCC_TRUE=''
am__include='include'
am__isrc=''
am__leading_dot='.'
am__nodep='_no'
am__quote=''
am__tar='$${TAR-tar} chof - "$$tardir"'
am__untar='$${TAR-tar} xf -'
bindir='${exec_prefix}/bin'
build='x86_64-apple-darwin16.5.0'
build_alias=''
build_cpu='x86_64'
build_os='darwin16.5.0'
build_vendor='apple'
datadir='${datarootdir}'
datarootdir='${prefix}/share'
docdir='${datarootdir}/doc/${PACKAGE_TARNAME}'
dvidir='${docdir}'
exec_prefix='NONE'
host='x86_64-apple-darwin16.5.0'
host_alias=''
host_cpu='x86_64'
host_os='darwin16.5.0'
host_vendor='apple'
htmldir='${docdir}'
includedir='${prefix}/include'
infodir='${datarootdir}/info'
install_sh='${SHELL} /Users/saurabhshri/Desktop/try/ccaligner/src/lib_ext/sphinxbase/install-sh'
libdir='${exec_prefix}/lib'
libexecdir='${exec_prefix}/libexec'
localedir='${datarootdir}/locale'
localstatedir='${prefix}/var'
mandir='${datarootdir}/man'
mkdir_p='$(MKDIR_P)'
oldincludedir='/usr/include'
pdfdir='${docdir}'
pkgpyexecdir='${pyexecdir}/sphinxbase'
pkgpythondir='${pythondir}/sphinxbase'
prefix='NONE'
program_transform_name='s,x,x,'
psdir='${docdir}'
pyexecdir='${exec_prefix}/lib/python2.7/site-packages'
pythondir='${prefix}/lib/python2.7/site-packages'
sbindir='${exec_prefix}/sbin'
sharedstatedir='${prefix}/com'
sysconfdir='${prefix}/etc'
target_alias=''

## ----------- ##
## confdefs.h. ##
## ----------- ##

/* confdefs.h */
#define PACKAGE_NAME "sphinxbase"
#define PACKAGE_TARNAME "sphinxbase"
#define PACKAGE_VERSION "5prealpha"
#define PACKAGE_STRING "sphinxbase 5prealpha"
#define PACKAGE_BUGREPORT ""
#define PACKAGE_URL ""
#define STDC_HEADERS 1
#define HAVE_SYS_TYPES_H 1
#define HAVE_SYS_STAT_H 1
#define HAVE_STDLIB_H 1
#define HAVE_STRING_H 1
#define HAVE_MEMORY_H 1
#define HAVE_STRINGS_H 1
#define HAVE_INTTYPES_H 1
#define HAVE_STDINT_H 1
#define HAVE_UNISTD_H 1
#define HAVE_DLFCN_H 1
#define LT_OBJDIR ".libs/"
#define STDC_HEADERS 1
#define RETSIGTYPE void
#define HAVE_LONG_LONG 1
#define SIZEOF_LONG_LONG 8
#define SIZEOF_LONG 8
#define HAVE_POPEN 1
#define HAVE_PERROR 1
#define HAVE_SNPRINTF 1
#define HAVE_LIBLAPACK 1
#define HAVE_LIBBLAS 1
#define WITH_LAPACK /**/
#define HAVE_LIBM 1
#define HAVE_PTHREAD_H 1
#define HAVE_LIBPTHREAD 1
#define ENABLE_THREADS /**/
#define HAVE_PYTHON "2.7"

configure: exit 1
